# JRE version: OpenJDK Runtime Environment (11.0.31+11) (build 11.0.31+11-post-1ubuntu1-24.04.2-Ubuntu)
# Java VM: OpenJDK 64-Bit Server VM (11.0.31+11-post-1ubuntu1-24.04.2-Ubuntu, mixed mode, sharing, tiered, compressed oops, g1 gc, linux-amd64)
Heap:
 garbage-first heap   total 131072K, used 40560K [0x0000000083c00000, 0x0000000100000000)
  region size 1024K, 14 young (14336K), 4 survivors (4096K)
 Metaspace       used 16642K, capacity 17139K, committed 17280K, reserved 1064960K
  class space    used 1925K, capacity 2158K, committed 2176K, reserved 1048576K
GC Heap History (18 events):
Event: 0.338 GC heap before
{Heap before GC invocations=0 (full 0):
 garbage-first heap   total 131072K, used 7888K [0x0000000083c00000, 0x0000000100000000)
  region size 1024K, 7 young (7168K), 0 survivors (0K)
 Metaspace       used 4229K, capacity 5050K, committed 5248K, reserved 1056768K
  class space    used 481K, capacity 587K, committed 640K, reserved 1048576K
}
Event: 0.356 GC heap after
{Heap after GC invocations=1 (full 0):
 garbage-first heap   total 131072K, used 2801K [0x0000000083c00000, 0x0000000100000000)
  region size 1024K, 1 young (1024K), 1 survivors (1024K)
 Metaspace       used 4229K, capacity 5050K, committed 5248K, reserved 1056768K
  class space    used 481K, capacity 587K, committed 640K, reserved 1048576K
}
Event: 0.637 GC heap before
{Heap before GC invocations=1 (full 0):
 garbage-first heap   total 131072K, used 8945K [0x0000000083c00000, 0x0000000100000000)
  region size 1024K, 8 young (8192K), 1 survivors (1024K)
 Metaspace       used 7671K, capacity 7940K, committed 8192K, reserved 1056768K
  class space    used 875K, capacity 967K, committed 1024K, reserved 1048576K
}
Event: 0.647 GC heap after
{Heap after GC invocations=2 (full 0):
 garbage-first heap   total 131072K, used 4391K [0x0000000083c00000, 0x0000000100000000)
  region size 1024K, 1 young (1024K), 1 survivors (1024K)
 Metaspace       used 7671K, capacity 7940K, committed 8192K, reserved 1056768K
  class space    used 875K, capacity 967K, committed 1024K, reserved 1048576K
}
Event: 2.812 GC heap before
{Heap before GC invocations=2 (full 0):
 garbage-first heap   total 131072K, used 23847K [0x0000000083c00000, 0x0000000100000000)
  region size 1024K, 14 young (14336K), 1 survivors (1024K)
 Metaspace       used 8783K, capacity 9082K, committed 9344K, reserved 1056768K
  class space    used 983K, capacity 1132K, committed 1152K, reserved 1048576K
}
Event: 2.816 GC heap after
{Heap after GC invocations=3 (full 0):
 garbage-first heap   total 131072K, used 5312K [0x0000000083c00000, 0x0000000100000000)
  region size 1024K, 2 young (2048K), 2 survivors (2048K)
 Metaspace       used 8783K, capacity 9082K, committed 9344K, reserved 1056768K
  class space    used 983K, capacity 1132K, committed 1152K, reserved 1048576K
}
Event: 3.373 GC heap before
{Heap before GC invocations=3 (full 0):
 garbage-first heap   total 131072K, used 19648K [0x0000000083c00000, 0x0000000100000000)
  region size 1024K, 17 young (17408K), 2 survivors (2048K)
 Metaspace       used 8919K, capacity 9210K, committed 9344K, reserved 1056768K
  class space    used 986K, capacity 1132K, committed 1152K, reserved 1048576K
}
Event: 3.385 GC heap after
{Heap after GC invocations=4 (full 0):
 garbage-first heap   total 131072K, used 5116K [0x0000000083c00000, 0x0000000100000000)
  region size 1024K, 1 young (1024K), 1 survivors (1024K)
 Metaspace       used 8919K, capacity 9210K, committed 9344K, reserved 1056768K
  class space    used 986K, capacity 1132K, committed 1152K, reserved 1048576K
}
Event: 3.853 GC heap before
{Heap before GC invocations=4 (full 0):
 garbage-first heap   total 131072K, used 25596K [0x0000000083c00000, 0x0000000100000000)
  region size 1024K, 21 young (21504K), 1 survivors (1024K)
 Metaspace       used 8919K, capacity 9210K, committed 9344K, reserved 1056768K
  class space    used 986K, capacity 1132K, committed 1152K, reserved 1048576K
}
Event: 3.855 GC heap after
{Heap after GC invocations=5 (full 0):
 garbage-first heap   total 131072K, used 5136K [0x0000000083c00000, 0x0000000100000000)
  region size 1024K, 1 young (1024K), 1 survivors (1024K)
 Metaspace       used 8919K, capacity 9210K, committed 9344K, reserved 1056768K
  class space    used 986K, capacity 1132K, committed 1152K, reserved 1048576K
}
Event: 5.894 GC heap before
{Heap before GC invocations=5 (full 0):
 garbage-first heap   total 131072K, used 76816K [0x0000000083c00000, 0x0000000100000000)
  region size 1024K, 28 young (28672K), 1 survivors (1024K)
 Metaspace       used 9041K, capacity 9340K, committed 9600K, reserved 1058816K
  class space    used 986K, capacity 1132K, committed 1152K, reserved 1048576K
}
Event: 5.899 GC heap after
{Heap after GC invocations=6 (full 0):
 garbage-first heap   total 131072K, used 5759K [0x0000000083c00000, 0x0000000100000000)
  region size 1024K, 2 young (2048K), 2 survivors (2048K)
 Metaspace       used 9041K, capacity 9340K, committed 9600K, reserved 1058816K
  class space    used 986K, capacity 1132K, committed 1152K, reserved 1048576K
}
Event: 15.727 GC heap before
{Heap before GC invocations=7 (full 0):
 garbage-first heap   total 131072K, used 74367K [0x0000000083c00000, 0x0000000100000000)
  region size 1024K, 36 young (36864K), 2 survivors (2048K)
 Metaspace       used 10207K, capacity 10654K, committed 10880K, reserved 1058816K
  class space    used 1115K, capacity 1316K, committed 1408K, reserved 1048576K
}
Event: 15.736 GC heap after
{Heap after GC invocations=8 (full 0):
 garbage-first heap   total 131072K, used 24771K [0x0000000083c00000, 0x0000000100000000)
  region size 1024K, 5 young (5120K), 5 survivors (5120K)
 Metaspace       used 10207K, capacity 10654K, committed 10880K, reserved 1058816K
  class space    used 1115K, capacity 1316K, committed 1408K, reserved 1048576K
}
Event: 16.722 GC heap before
{Heap before GC invocations=8 (full 0):
 garbage-first heap   total 131072K, used 70851K [0x0000000083c00000, 0x0000000100000000)
  region size 1024K, 50 young (51200K), 5 survivors (5120K)
 Metaspace       used 10263K, capacity 10718K, committed 10880K, reserved 1058816K
  class space    used 1115K, capacity 1316K, committed 1408K, reserved 1048576K
}
Event: 16.728 GC heap after
{Heap after GC invocations=9 (full 0):
 garbage-first heap   total 131072K, used 25420K [0x0000000083c00000, 0x0000000100000000)
  region size 1024K, 1 young (1024K), 1 survivors (1024K)
 Metaspace       used 10263K, capacity 10718K, committed 10880K, reserved 1058816K
  class space    used 1115K, capacity 1316K, committed 1408K, reserved 1048576K
}
Event: 19.077 GC heap before
{Heap before GC invocations=9 (full 0):
 garbage-first heap   total 131072K, used 87884K [0x0000000083c00000, 0x0000000100000000)
  region size 1024K, 53 young (54272K), 1 survivors (1024K)
 Metaspace       used 14974K, capacity 15499K, committed 15872K, reserved 1062912K
  class space    used 1699K, capacity 1930K, committed 2048K, reserved 1048576K
}
Event: 19.086 GC heap after
{Heap after GC invocations=10 (full 0):
 garbage-first heap   total 131072K, used 31344K [0x0000000083c00000, 0x0000000100000000)
  region size 1024K, 4 young (4096K), 4 survivors (4096K)
 Metaspace       used 14974K, capacity 15499K, committed 15872K, reserved 1062912K
  class space    used 1699K, capacity 1930K, committed 2048K, reserved 1048576K
}

